Building DAG of jobs...
Using shell: /usr/bin/bash
Provided cores: 12
Rules claiming more threads will be scaled down.
Provided resources: mem_mb=10
Job stats:
job               count    min threads    max threads
--------------  -------  -------------  -------------
cluster_to_txt        1              1              1
total                 1              1              1

Select jobs to execute...

[Wed Nov 30 15:50:18 2022]
Job 0: 
        Converting EC2D2/clusters/contigs.newick to EC2D2/clusters/contigs_tree.txt for easier viewing.
        
Reason: Missing output files: EC2D2/clusters/contigs_tree.txt


        python snakecommands.py newick-to-txt EC2D2/clusters/contigs.newick EC2D2/clusters EC2D2/clusters/contigs_tree.txt
        
[Wed Nov 30 15:50:18 2022]
Finished job 0.
1 of 1 steps (100%) done
Complete log: .snakemake/log/2022-11-30T155018.562367.snakemake.log
