Building DAG of jobs...
Using shell: /usr/bin/bash
Provided cores: 12
Rules claiming more threads will be scaled down.
Provided resources: mem_mb=10
Job stats:
job          count    min threads    max threads
---------  -------  -------------  -------------
all              1              1              1
consensus        1              4              4
msa              1              4              4
partition        1              4              4
polish           1              2              2
total            5              1              4

Select jobs to execute...

[Fri Dec  2 14:52:28 2022]
Job 4: 
        Making multiple sequence alignment of the clusters.
        
Reason: Updated input files: EC2D2/clusters/cluster_001

[Fri Dec  2 14:55:57 2022]
Finished job 4.
1 of 5 steps (20%) done
Select jobs to execute...

[Fri Dec  2 14:55:57 2022]
Job 3: 
        Partinioning reads.
        
Reason: Input files updated by another job: EC2D2/clusters/cluster_001/3_msa.fasta

[Fri Dec  2 14:56:21 2022]
Finished job 3.
2 of 5 steps (40%) done
Select jobs to execute...

[Fri Dec  2 14:56:21 2022]
Job 2: 
        Making consensus for EC2D2/clusters/cluster_001.
        
Reason: Input files updated by another job: EC2D2/clusters/cluster_001/4_reads.fastq

[Fri Dec  2 14:56:29 2022]
Finished job 2.
3 of 5 steps (60%) done
Select jobs to execute...

[Fri Dec  2 14:56:29 2022]
Job 1: 
        Polishing EC2D2/clusters/cluster_001/7_final_consensus.fasta.
        
Reason: Input files updated by another job: EC2D2/clusters/cluster_001/7_final_consensus.fasta

[Fri Dec  2 14:56:59 2022]
Finished job 1.
4 of 5 steps (80%) done
Select jobs to execute...

[Fri Dec  2 14:56:59 2022]
localrule all:
    input: EC2D2/clusters/cluster_001/8_polished_consensus.fasta
    jobid: 0
    reason: Input files updated by another job: EC2D2/clusters/cluster_001/8_polished_consensus.fasta
    resources: tmpdir=/tmp

[Fri Dec  2 14:56:59 2022]
Finished job 0.
5 of 5 steps (100%) done
Complete log: .snakemake/log/2022-12-02T145228.698869.snakemake.log
