Building DAG of jobs...
Using shell: /usr/bin/bash
Provided cores: 12
Rules claiming more threads will be scaled down.
Provided resources: mem_mb=10
Job stats:
job               count    min threads    max threads
--------------  -------  -------------  -------------
all                   1              1              1
check_contigs         1              1              1
cluster               1              4              4
cluster_to_txt        1              1              1
total                 4              1              4

Select jobs to execute...

[Fri Dec  2 14:06:08 2022]
Job 2: 
        Clustering the multiple assemblies.
        
Reason: Missing output files: EC2D2/clusters/contigs.newick

[Fri Dec  2 14:06:42 2022]
Finished job 2.
1 of 4 steps (25%) done
Select jobs to execute...

[Fri Dec  2 14:06:42 2022]
Job 17: 
        Checking whether there is need of human intervention.
        
Reason: Missing output files: EC2D2/clusters/Snakefirst.log; Input files updated by another job: EC2D2/clusters/contigs.newick; Set of input files has changed since last execution; Code has changed since last execution


[Fri Dec  2 14:06:42 2022]
Job 1: 
        Converting EC2D2/clusters/contigs.newick to EC2D2/clusters/contigs_tree.txt for easier viewing.
        
Reason: Missing output files: EC2D2/clusters/contigs_tree.txt; Input files updated by another job: EC2D2/clusters/contigs.newick

[Fri Dec  2 14:06:42 2022]
Finished job 1.
2 of 4 steps (50%) done
[Fri Dec  2 14:06:42 2022]
Finished job 17.
3 of 4 steps (75%) done
Select jobs to execute...

[Fri Dec  2 14:06:42 2022]
localrule all:
    input: EC2D2/clusters/contigs_tree.txt, EC2D2/clusters/Snakefirst.log
    jobid: 0
    reason: Input files updated by another job: EC2D2/clusters/contigs_tree.txt, EC2D2/clusters/Snakefirst.log
    resources: tmpdir=/tmp

[Fri Dec  2 14:06:42 2022]
Finished job 0.
4 of 4 steps (100%) done
Complete log: .snakemake/log/2022-12-02T140608.631523.snakemake.log
