Building DAG of jobs...
Using shell: /usr/bin/bash
Provided cores: 8
Rules claiming more threads will be scaled down.
Provided resources: mem_mb=12
Job stats:
job              count    min threads    max threads
-------------  -------  -------------  -------------
assemble_flye        2              4              4
cluster              1              1              1
total                3              1              4

Select jobs to execute...

[Tue Nov 29 16:02:05 2022]
Job 4: 
        Assembling EC2D2/read_subsets/sample_02.fastq with flye.        
        
Reason: Missing output files: EC2D2/assemblies/assembly_02.fasta

[Tue Nov 29 16:03:53 2022]
Finished job 4.
1 of 3 steps (33%) done
Select jobs to execute...

[Tue Nov 29 16:03:53 2022]
Job 1: 
        Assembling EC2D2/read_subsets/sample_01.fastq with flye.        
        
Reason: Missing output files: EC2D2/assemblies/assembly_01.fasta

[Tue Nov 29 16:05:37 2022]
Finished job 1.
2 of 3 steps (67%) done
Select jobs to execute...

[Tue Nov 29 16:05:37 2022]
Job 0: 
        TODO
        
Reason: Missing output files: EC2D2/clusters; Input files updated by another job: EC2D2/assemblies/assembly_02.fasta, EC2D2/assemblies/assembly_01.fasta

[Tue Nov 29 16:06:04 2022]
Finished job 0.
3 of 3 steps (100%) done
Complete log: .snakemake/log/2022-11-29T160205.309086.snakemake.log
