Building DAG of jobs...
Using shell: /usr/bin/bash
Provided cores: 12
Rules claiming more threads will be scaled down.
Provided resources: mem_mb=10
Job stats:
job          count    min threads    max threads
---------  -------  -------------  -------------
consensus        1              4              4
polish           1              2              2
total            2              2              4

Select jobs to execute...

[Wed Nov 30 14:53:08 2022]
Job 1: 
        Making consensus for EC2D2/clusters/cluster_001.
        
Reason: Updated input files: EC2D2/clusters/cluster_001


        trycycler consensus --cluster_dir EC2D2/clusters/cluster_001 --threads 4
        
[Wed Nov 30 14:53:14 2022]
Finished job 1.
1 of 2 steps (50%) done
Select jobs to execute...

[Wed Nov 30 14:53:14 2022]
Job 0: 
        Polishing EC2D2/clusters/cluster_001/7_final_consensus.fasta.
        
Reason: Input files updated by another job: EC2D2/clusters/cluster_001/7_final_consensus.fasta


        medaka_consensus -i EC2D2/filtered.fastq -d EC2D2/clusters/cluster_001/7_final_consensus.fasta -o EC2D2/clusters/cluster_001/medaka -m r941_min_fast_g507 -t 2
        mv EC2D2/clusters/cluster_001/medaka/consensus.fasta EC2D2/clusters/cluster_001/8_polished_consensus.fasta
        rm -r EC2D2/clusters/cluster_001/medaka
        
[Wed Nov 30 14:53:41 2022]
Finished job 0.
2 of 2 steps (100%) done
Complete log: .snakemake/log/2022-11-30T145308.667689.snakemake.log
