Building DAG of jobs...
Using shell: /usr/bin/bash
Provided cores: 8
Rules claiming more threads will be scaled down.
Job stats:
job                 count    min threads    max threads
----------------  -------  -------------  -------------
assemble_flye           4              1              1
assemble_miniasm        4              1              1
assemble_raven          4              1              1
cluster                 1              1              1
filtlong                1              1              1
subsample               1              1              1
total                  15              1              1

Select jobs to execute...

[Tue Nov 29 15:22:29 2022]
Job 3: 
        Running filtlong on input/EC2D2.fastq.gz
        
Reason: Missing output files: EC2D2/filtered.fastq

[Tue Nov 29 15:22:32 2022]
Finished job 3.
1 of 15 steps (7%) done
Select jobs to execute...

[Tue Nov 29 15:22:32 2022]
Job 2: 
        Subsampling EC2D2/filtered.fastq in 12 parts.
        
Reason: Missing output files: EC2D2/read_subsets/sample_10.fastq, EC2D2/read_subsets/sample_07.fastq, EC2D2/read_subsets/sample_02.fastq, EC2D2/read_subsets/sample_05.fastq, EC2D2/read_subsets/sample_04.fastq, EC2D2/read_subsets/sample_06.fastq, EC2D2/read_subsets/sample_08.fastq, EC2D2/read_subsets/sample_12.fastq, EC2D2/read_subsets/sample_03.fastq, EC2D2/read_subsets/sample_11.fastq, EC2D2/read_subsets/sample_09.fastq, EC2D2/read_subsets/sample_01.fastq; Input files updated by another job: EC2D2/filtered.fastq; Code has changed since last execution

[Tue Nov 29 15:23:16 2022]
Finished job 2.
2 of 15 steps (13%) done
Select jobs to execute...

[Tue Nov 29 15:23:16 2022]
Job 1: 
        Assembling EC2D2/read_subsets/sample_01.fastq with flye.        
        
Reason: Missing output files: EC2D2/assemblies/assembly_01.fasta; Input files updated by another job: EC2D2/read_subsets/sample_01.fastq


[Tue Nov 29 15:23:16 2022]
Job 13: 
        Assembling EC2D2/read_subsets/sample_11.fastq with miniasm.
        
Reason: Missing output files: EC2D2/assemblies/assembly_11.fasta; Input files updated by another job: EC2D2/read_subsets/sample_11.fastq


[Tue Nov 29 15:23:16 2022]
Job 14: 
        Assembling EC2D2/read_subsets/sample_12.fastq with miniasm.
        
Reason: Missing output files: EC2D2/assemblies/assembly_12.fasta; Input files updated by another job: EC2D2/read_subsets/sample_12.fastq


[Tue Nov 29 15:23:16 2022]
Job 4: 
        Assembling EC2D2/read_subsets/sample_02.fastq with flye.        
        
Reason: Missing output files: EC2D2/assemblies/assembly_02.fasta; Input files updated by another job: EC2D2/read_subsets/sample_02.fastq


[Tue Nov 29 15:23:16 2022]
Job 6: 
        Assembling EC2D2/read_subsets/sample_04.fastq with flye.        
        
Reason: Missing output files: EC2D2/assemblies/assembly_04.fasta; Input files updated by another job: EC2D2/read_subsets/sample_04.fastq


[Tue Nov 29 15:23:16 2022]
Job 8: 
        Assembling EC2D2/read_subsets/sample_06.fastq with raven.
        
Reason: Missing output files: EC2D2/assemblies/assembly_06.fasta; Input files updated by another job: EC2D2/read_subsets/sample_06.fastq


[Tue Nov 29 15:23:16 2022]
Job 9: 
        Assembling EC2D2/read_subsets/sample_07.fastq with raven.
        
Reason: Missing output files: EC2D2/assemblies/assembly_07.fasta; Input files updated by another job: EC2D2/read_subsets/sample_07.fastq


[Tue Nov 29 15:23:16 2022]
Job 11: 
        Assembling EC2D2/read_subsets/sample_09.fastq with miniasm.
        
Reason: Missing output files: EC2D2/assemblies/assembly_09.fasta; Input files updated by another job: EC2D2/read_subsets/sample_09.fastq

[Tue Nov 29 15:23:38 2022]
Error in rule assemble_flye:
    jobid: 6
    input: EC2D2/read_subsets/sample_04.fastq
    output: EC2D2/assemblies/assembly_04.fasta
    shell:
        
        flye --nano-raw EC2D2/read_subsets/sample_04.fastq --threads 4 --out-dir EC2D2/assembly_04
        cp EC2D2/assembly_04/assembly.fasta EC2D2/assemblies/assembly_04.fasta
        rm -r EC2D2/assembly_04 
        
        (one of the commands exited with non-zero exit code; note that snakemake uses bash strict mode!)

[Tue Nov 29 15:23:47 2022]
Error in rule assemble_flye:
    jobid: 1
    input: EC2D2/read_subsets/sample_01.fastq
    output: EC2D2/assemblies/assembly_01.fasta
    shell:
        
        flye --nano-raw EC2D2/read_subsets/sample_01.fastq --threads 4 --out-dir EC2D2/assembly_01
        cp EC2D2/assembly_01/assembly.fasta EC2D2/assemblies/assembly_01.fasta
        rm -r EC2D2/assembly_01 
        
        (one of the commands exited with non-zero exit code; note that snakemake uses bash strict mode!)

[Tue Nov 29 15:23:52 2022]
Finished job 9.
3 of 15 steps (20%) done
[Tue Nov 29 15:23:52 2022]
Finished job 8.
4 of 15 steps (27%) done
[Tue Nov 29 15:24:19 2022]
Finished job 14.
5 of 15 steps (33%) done
[Tue Nov 29 15:24:19 2022]
Finished job 13.
6 of 15 steps (40%) done
[Tue Nov 29 15:24:19 2022]
Finished job 11.
7 of 15 steps (47%) done
[Tue Nov 29 15:26:02 2022]
Finished job 4.
8 of 15 steps (53%) done
Shutting down, this might take some time.
Exiting because a job execution failed. Look above for error message
Complete log: .snakemake/log/2022-11-29T152228.920049.snakemake.log
