Building DAG of jobs...
Using shell: /usr/bin/bash
Provided cores: 12
Rules claiming more threads will be scaled down.
Provided resources: mem_mb=10
Job stats:
job              count    min threads    max threads
-------------  -------  -------------  -------------
check_contigs        1              1              1
total                1              1              1

Select jobs to execute...

[Wed Nov 30 16:04:50 2022]
Job 0: 
        Checking whether there is need of human intervention.
        
Reason: Missing output files: EC2D2/clusters/.validated.txt


        python snakecommands.py check-contigs EC2D2/clusters EC2D2/clusters/contigs.newick 0.005
        
[Wed Nov 30 16:04:50 2022]
Finished job 0.
1 of 1 steps (100%) done
Complete log: .snakemake/log/2022-11-30T160450.535571.snakemake.log
