Building DAG of jobs...
Using shell: /usr/bin/bash
Provided cores: 12
Rules claiming more threads will be scaled down.
Provided resources: mem_mb=10
Job stats:
job        count    min threads    max threads
-------  -------  -------------  -------------
cluster        1              4              4
total          1              4              4

Select jobs to execute...

[Wed Nov 30 15:34:06 2022]
Job 0: 
        Clustering the multiple assemblies.
        
Reason: Missing output files: EC2D2/clusters/contigs.newick


        trycycler cluster --reads EC2D2/filtered.fastq --assemblies EC2D2/assemblies/assembly_01.fasta EC2D2/assemblies/assembly_02.fasta EC2D2/assemblies/assembly_03.fasta EC2D2/assemblies/assembly_04.fasta EC2D2/assemblies/assembly_05.fasta EC2D2/assemblies/assembly_06.fasta EC2D2/assemblies/assembly_07.fasta EC2D2/assemblies/assembly_08.fasta EC2D2/assemblies/assembly_09.fasta EC2D2/assemblies/assembly_10.fasta EC2D2/assemblies/assembly_11.fasta EC2D2/assemblies/assembly_12.fasta         --out_dir EC2D2/clusters         --min_contig_len 5000 --threads 4
        
[Wed Nov 30 15:34:35 2022]
Finished job 0.
1 of 1 steps (100%) done
Complete log: .snakemake/log/2022-11-30T153406.210798.snakemake.log
