Building DAG of jobs...
Using shell: /usr/bin/bash
Provided cores: 4
Rules claiming more threads will be scaled down.
Provided resources: mem_mb=10
Job stats:
job              count    min threads    max threads
-------------  -------  -------------  -------------
assemble_flye        2              4              4
cluster              1              1              1
total                3              1              4

Select jobs to execute...

[Tue Nov 29 16:38:38 2022]
Job 4: 
        Assembling EC2D2/read_subsets/sample_02.fastq with flye.        
        
Reason: Missing output files: EC2D2/assemblies/assembly_02.fasta

Terminating processes on user request, this might take some time.
[Tue Nov 29 16:38:58 2022]
Error in rule assemble_flye:
    jobid: 4
    input: EC2D2/read_subsets/sample_02.fastq
    output: EC2D2/assemblies/assembly_02.fasta
    shell:
        
        flye --nano-raw EC2D2/read_subsets/sample_02.fastq --threads 4 --out-dir EC2D2/assembly_02
        cp EC2D2/assembly_02/assembly.fasta EC2D2/assemblies/assembly_02.fasta
        rm -r EC2D2/assembly_02 
        
        (one of the commands exited with non-zero exit code; note that snakemake uses bash strict mode!)

Complete log: .snakemake/log/2022-11-29T163838.657542.snakemake.log
