Building DAG of jobs...
Using shell: /usr/bin/bash
Provided cores: 12
Rules claiming more threads will be scaled down.
Provided resources: mem_mb=10
Job stats:
job       count    min threads    max threads
------  -------  -------------  -------------
follow        1              1              1
total         1              1              1

Select jobs to execute...

[Wed Nov 30 13:27:27 2022]
Job 0: 
        Checking whether there is need of human intervention.
        
Reason: Missing output files: EC2D2/clusters/validated.txt

Waiting at most 5 seconds for missing files.
MissingOutputException in rule follow  in line 143 of /home/valentin/Desktop/richardLab/scicore_local/PhD/Phage_project/Sequencing/trycycler/pipeline/Snakefile:
Job Missing files after 5 seconds. This might be due to filesystem latency. If that is the case, consider to increase the wait time with --latency-wait:
EC2D2/clusters/validated.txt completed successfully, but some output files are missing. 0
Shutting down, this might take some time.
Exiting because a job execution failed. Look above for error message
Complete log: .snakemake/log/2022-11-30T132727.665962.snakemake.log
