Building DAG of jobs...
Using shell: /usr/bin/bash
Provided cores: 12
Rules claiming more threads will be scaled down.
Provided resources: mem_mb=10
Job stats:
job          count    min threads    max threads
---------  -------  -------------  -------------
all              1              1              1
reconcile        1              4              4
total            2              1              4

Select jobs to execute...

[Fri Dec  2 14:21:55 2022]
Job 1: 
        Reconciling the sub assemblies. 
        Human intervention is needed after this step to judge whether to keep or remove some contigs.
        
Reason: Forced execution

[Fri Dec  2 14:22:06 2022]
Finished job 1.
1 of 2 steps (50%) done
Select jobs to execute...

[Fri Dec  2 14:22:06 2022]
localrule all:
    input: EC2D2/clusters/cluster_001/2_all_seqs.fasta
    jobid: 0
    reason: Input files updated by another job: EC2D2/clusters/cluster_001/2_all_seqs.fasta
    resources: tmpdir=/tmp

[Fri Dec  2 14:22:06 2022]
Finished job 0.
2 of 2 steps (100%) done
Complete log: .snakemake/log/2022-12-02T142155.776480.snakemake.log
