Building DAG of jobs...
Using shell: /usr/bin/bash
Provided cores: 12
Rules claiming more threads will be scaled down.
Provided resources: mem_mb=10
Job stats:
job               count    min threads    max threads
--------------  -------  -------------  -------------
assemble_flye         4              4              4
assemble_mini         4              4              4
assemble_raven        4              2              2
cluster               1              4              4
filtlong              1              1              1
subsample             1              4              4
total                15              1              4

Select jobs to execute...

[Wed Nov 30 15:00:10 2022]
Job 3: 
        Running filtlong on input/EC2D2.fastq.gz
        
Reason: Missing output files: EC2D2/filtered.fastq

[Wed Nov 30 15:00:13 2022]
Finished job 3.
1 of 15 steps (7%) done
Select jobs to execute...

[Wed Nov 30 15:00:13 2022]
Job 2: 
        Subsampling EC2D2/filtered.fastq in 12 parts.
        
Reason: Missing output files: EC2D2/read_subsets/sample_10.fastq, EC2D2/read_subsets/sample_09.fastq, EC2D2/read_subsets/sample_06.fastq, EC2D2/read_subsets/sample_05.fastq, EC2D2/read_subsets/sample_12.fastq, EC2D2/read_subsets/sample_04.fastq, EC2D2/read_subsets/sample_03.fastq, EC2D2/read_subsets/sample_11.fastq, EC2D2/read_subsets/sample_02.fastq, EC2D2/read_subsets/sample_08.fastq, EC2D2/read_subsets/sample_01.fastq, EC2D2/read_subsets/sample_07.fastq; Input files updated by another job: EC2D2/filtered.fastq

[Wed Nov 30 15:00:53 2022]
Finished job 2.
2 of 15 steps (13%) done
Select jobs to execute...

[Wed Nov 30 15:00:53 2022]
Job 13: 
        Assembling EC2D2/read_subsets/sample_11.fastq with miniasm.
        
Reason: Missing output files: EC2D2/assemblies/assembly_11.fasta; Input files updated by another job: EC2D2/read_subsets/sample_11.fastq


[Wed Nov 30 15:00:53 2022]
Job 14: 
        Assembling EC2D2/read_subsets/sample_12.fastq with miniasm.
        
Reason: Missing output files: EC2D2/assemblies/assembly_12.fasta; Input files updated by another job: EC2D2/read_subsets/sample_12.fastq


[Wed Nov 30 15:00:53 2022]
Job 11: 
        Assembling EC2D2/read_subsets/sample_09.fastq with miniasm.
        
Reason: Missing output files: EC2D2/assemblies/assembly_09.fasta; Input files updated by another job: EC2D2/read_subsets/sample_09.fastq

[Wed Nov 30 15:01:28 2022]
Finished job 14.
3 of 15 steps (20%) done
Select jobs to execute...

[Wed Nov 30 15:01:28 2022]
Job 8: 
        Assembling EC2D2/read_subsets/sample_06.fastq with raven.
        
Reason: Missing output files: EC2D2/assemblies/assembly_06.fasta; Input files updated by another job: EC2D2/read_subsets/sample_06.fastq


[Wed Nov 30 15:01:28 2022]
Job 10: 
        Assembling EC2D2/read_subsets/sample_08.fastq with raven.
        
Reason: Missing output files: EC2D2/assemblies/assembly_08.fasta; Input files updated by another job: EC2D2/read_subsets/sample_08.fastq

[Wed Nov 30 15:01:29 2022]
Finished job 13.
4 of 15 steps (27%) done
Select jobs to execute...

[Wed Nov 30 15:01:29 2022]
Job 12: 
        Assembling EC2D2/read_subsets/sample_10.fastq with miniasm.
        
Reason: Missing output files: EC2D2/assemblies/assembly_10.fasta; Input files updated by another job: EC2D2/read_subsets/sample_10.fastq

[Wed Nov 30 15:01:29 2022]
Finished job 11.
5 of 15 steps (33%) done
Select jobs to execute...

[Wed Nov 30 15:01:29 2022]
Job 5: 
        Assembling EC2D2/read_subsets/sample_03.fastq with flye.        
        
Reason: Missing output files: EC2D2/assemblies/assembly_03.fasta; Input files updated by another job: EC2D2/read_subsets/sample_03.fastq

[Wed Nov 30 15:01:48 2022]
Finished job 8.
6 of 15 steps (40%) done
Select jobs to execute...

[Wed Nov 30 15:01:48 2022]
Job 7: 
        Assembling EC2D2/read_subsets/sample_05.fastq with raven.
        
Reason: Missing output files: EC2D2/assemblies/assembly_05.fasta; Input files updated by another job: EC2D2/read_subsets/sample_05.fastq

[Wed Nov 30 15:01:51 2022]
Finished job 10.
7 of 15 steps (47%) done
Select jobs to execute...

[Wed Nov 30 15:01:51 2022]
Job 9: 
        Assembling EC2D2/read_subsets/sample_07.fastq with raven.
        
Reason: Missing output files: EC2D2/assemblies/assembly_07.fasta; Input files updated by another job: EC2D2/read_subsets/sample_07.fastq

[Wed Nov 30 15:01:58 2022]
Finished job 12.
8 of 15 steps (53%) done
Select jobs to execute...
[Wed Nov 30 15:02:05 2022]
Finished job 7.
9 of 15 steps (60%) done
[Wed Nov 30 15:02:07 2022]
Finished job 9.
10 of 15 steps (67%) done
[Wed Nov 30 15:03:43 2022]
Finished job 5.
11 of 15 steps (73%) done

[Wed Nov 30 15:03:43 2022]
Job 6: 
        Assembling EC2D2/read_subsets/sample_04.fastq with flye.        
        
Reason: Missing output files: EC2D2/assemblies/assembly_04.fasta; Input files updated by another job: EC2D2/read_subsets/sample_04.fastq

[Wed Nov 30 15:05:34 2022]
Finished job 6.
12 of 15 steps (80%) done
Select jobs to execute...

[Wed Nov 30 15:05:34 2022]
Job 4: 
        Assembling EC2D2/read_subsets/sample_02.fastq with flye.        
        
Reason: Missing output files: EC2D2/assemblies/assembly_02.fasta; Input files updated by another job: EC2D2/read_subsets/sample_02.fastq

[Wed Nov 30 15:07:31 2022]
Finished job 4.
13 of 15 steps (87%) done
Select jobs to execute...

[Wed Nov 30 15:07:31 2022]
Job 1: 
        Assembling EC2D2/read_subsets/sample_01.fastq with flye.        
        
Reason: Missing output files: EC2D2/assemblies/assembly_01.fasta; Input files updated by another job: EC2D2/read_subsets/sample_01.fastq

[Wed Nov 30 15:09:27 2022]
Finished job 1.
14 of 15 steps (93%) done
Select jobs to execute...

[Wed Nov 30 15:09:27 2022]
Job 0: 
        Clustering the multiple assemblies.
        
Reason: Missing output files: EC2D2/clusters/contigs.newick; Input files updated by another job: EC2D2/assemblies/assembly_08.fasta, EC2D2/assemblies/assembly_12.fasta, EC2D2/assemblies/assembly_03.fasta, EC2D2/assemblies/assembly_06.fasta, EC2D2/assemblies/assembly_07.fasta, EC2D2/assemblies/assembly_09.fasta, EC2D2/assemblies/assembly_04.fasta, EC2D2/assemblies/assembly_05.fasta, EC2D2/assemblies/assembly_10.fasta, EC2D2/assemblies/assembly_11.fasta, EC2D2/assemblies/assembly_01.fasta, EC2D2/assemblies/assembly_02.fasta, EC2D2/filtered.fastq

RuleException in rule cluster  in line 125 of /home/valentin/Desktop/richardLab/scicore_local/PhD/Phage_project/Sequencing/trycycler/pipeline/Snakefirst:
AttributeError: 'OutputFiles' object has no attribute 'out_dir', when formatting the following:

        trycycler cluster --reads {input.reads} --assemblies {input.assemblies} --out_dir {output.out_dir}         --min_contig_len {params.min_contig_len} --threads {threads}
        nw_display {output.nwk_tree} > {output.txt_tree}
        
