Building DAG of jobs...
Using shell: /usr/bin/bash
Provided cores: 12
Rules claiming more threads will be scaled down.
Provided resources: mem_mb=10
Job stats:
job               count    min threads    max threads
--------------  -------  -------------  -------------
all                   1              1              1
assemble_flye         4              4              4
check_contigs         1              1              1
cluster               1              4              4
cluster_to_txt        1              1              1
total                 8              1              4

Select jobs to execute...

[Fri Dec  2 13:57:08 2022]
Job 3: 
        Assembling EC2D2/read_subsets/sample_01.fastq with flye.        
        
Reason: Params have changed since last execution

[Fri Dec  2 13:59:03 2022]
Finished job 3.
1 of 8 steps (12%) done
Select jobs to execute...

[Fri Dec  2 13:59:03 2022]
Job 8: 
        Assembling EC2D2/read_subsets/sample_04.fastq with flye.        
        
Reason: Params have changed since last execution

[Fri Dec  2 14:00:57 2022]
Finished job 8.
2 of 8 steps (25%) done
Select jobs to execute...

[Fri Dec  2 14:00:57 2022]
Job 6: 
        Assembling EC2D2/read_subsets/sample_02.fastq with flye.        
        
Reason: Params have changed since last execution

[Fri Dec  2 14:03:02 2022]
Finished job 6.
3 of 8 steps (38%) done
Select jobs to execute...

[Fri Dec  2 14:03:02 2022]
Job 7: 
        Assembling EC2D2/read_subsets/sample_03.fastq with flye.        
        
Reason: Params have changed since last execution

[Fri Dec  2 14:05:04 2022]
Finished job 7.
4 of 8 steps (50%) done
Select jobs to execute...

[Fri Dec  2 14:05:04 2022]
Job 2: 
        Clustering the multiple assemblies.
        
Reason: Input files updated by another job: EC2D2/assemblies/assembly_03.fasta, EC2D2/assemblies/assembly_04.fasta, EC2D2/assemblies/assembly_02.fasta, EC2D2/assemblies/assembly_01.fasta

[Fri Dec  2 14:05:04 2022]
Error in rule cluster:
    jobid: 2
    input: EC2D2/assemblies/assembly_01.fasta, EC2D2/assemblies/assembly_02.fasta, EC2D2/assemblies/assembly_03.fasta, EC2D2/assemblies/assembly_04.fasta, EC2D2/assemblies/assembly_05.fasta, EC2D2/assemblies/assembly_06.fasta, EC2D2/assemblies/assembly_07.fasta, EC2D2/assemblies/assembly_08.fasta, EC2D2/assemblies/assembly_09.fasta, EC2D2/assemblies/assembly_10.fasta, EC2D2/assemblies/assembly_11.fasta, EC2D2/assemblies/assembly_12.fasta, EC2D2/filtered.fastq
    output: EC2D2/clusters/contigs.newick
    shell:
        
        trycycler cluster --reads EC2D2/filtered.fastq --assemblies EC2D2/assemblies/assembly_01.fasta EC2D2/assemblies/assembly_02.fasta EC2D2/assemblies/assembly_03.fasta EC2D2/assemblies/assembly_04.fasta EC2D2/assemblies/assembly_05.fasta EC2D2/assemblies/assembly_06.fasta EC2D2/assemblies/assembly_07.fasta EC2D2/assemblies/assembly_08.fasta EC2D2/assemblies/assembly_09.fasta EC2D2/assemblies/assembly_10.fasta EC2D2/assemblies/assembly_11.fasta EC2D2/assemblies/assembly_12.fasta         --out_dir EC2D2/clusters         --min_contig_len 5000 --threads 4
        
        (one of the commands exited with non-zero exit code; note that snakemake uses bash strict mode!)

Shutting down, this might take some time.
Exiting because a job execution failed. Look above for error message
Complete log: .snakemake/log/2022-12-02T135708.177989.snakemake.log
