Building DAG of jobs...
Using shell: /usr/bin/bash
Provided cores: 12
Rules claiming more threads will be scaled down.
Provided resources: mem_mb=10
Job stats:
job             count    min threads    max threads
------------  -------  -------------  -------------
view_contigs        1              1              1
total               1              1              1

Select jobs to execute...

[Wed Nov 30 11:37:43 2022]
Job 0: 
        Viewing contig tree generated via clustering from the multiple assemblies.
        Use this to determine if you should exclude some clusters and/or some contigs in these clusters.
        Do so by deleting the relevant folders / files.
        
Reason: Missing output files: EC2D2/clusters/tree.txt

[Wed Nov 30 11:37:43 2022]
Finished job 0.
1 of 1 steps (100%) done
Complete log: .snakemake/log/2022-11-30T113743.453951.snakemake.log
