Building DAG of jobs...
Using shell: /usr/bin/bash
Provided cores: 12
Rules claiming more threads will be scaled down.
Provided resources: mem_mb=10
Job stats:
job       count    min threads    max threads
------  -------  -------------  -------------
polish        1              4              4
total         1              4              4

Select jobs to execute...

[Wed Nov 30 14:47:50 2022]
Job 0: 
        Polishing EC2D2/clusters/cluster_001/7_final_consensus.fasta.
        
Reason: Missing output files: EC2D2/clusters/cluster_001/8_polished_consensus.fasta


        medaka consensus -i EC2D2/filtered.fastq -d EC2D2/clusters/cluster_001/7_final_consensus.fasta -o EC2D2/clusters/cluster_001/medaka -m r941_min_fast_g507 -t 4
        mv EC2D2/clusters/cluster_001/medaka/consensus.fasta EC2D2/clusters/cluster_001/8_polished_consensus.fasta
        rm -r EC2D2/clusters/cluster_001/medaka
        
[Wed Nov 30 14:47:50 2022]
Error in rule polish:
    jobid: 0
    input: EC2D2/clusters/cluster_001/7_final_consensus.fasta, EC2D2/filtered.fastq
    output: EC2D2/clusters/cluster_001/8_polished_consensus.fasta
    shell:
        
        medaka consensus -i EC2D2/filtered.fastq -d EC2D2/clusters/cluster_001/7_final_consensus.fasta -o EC2D2/clusters/cluster_001/medaka -m r941_min_fast_g507 -t 4
        mv EC2D2/clusters/cluster_001/medaka/consensus.fasta EC2D2/clusters/cluster_001/8_polished_consensus.fasta
        rm -r EC2D2/clusters/cluster_001/medaka
        
        (one of the commands exited with non-zero exit code; note that snakemake uses bash strict mode!)

Shutting down, this might take some time.
Exiting because a job execution failed. Look above for error message
Complete log: .snakemake/log/2022-11-30T144750.209394.snakemake.log
