Building DAG of jobs...
Using shell: /usr/bin/bash
Provided cores: 12
Rules claiming more threads will be scaled down.
Provided resources: mem_mb=10
Job stats:
job               count    min threads    max threads
--------------  -------  -------------  -------------
cluster               1              4              4
cluster_to_txt        1              1              1
total                 2              1              4

Select jobs to execute...

[Wed Nov 30 15:23:12 2022]
Job 1: 
        Clustering the multiple assemblies.
        
Reason: Missing output files: EC2D2/clusters/contigs.newick


        trycycler cluster --reads EC2D2/filtered.fastq --assemblies EC2D2/assemblies/assembly_01.fasta EC2D2/assemblies/assembly_02.fasta EC2D2/assemblies/assembly_03.fasta EC2D2/assemblies/assembly_04.fasta EC2D2/assemblies/assembly_05.fasta EC2D2/assemblies/assembly_06.fasta EC2D2/assemblies/assembly_07.fasta EC2D2/assemblies/assembly_08.fasta EC2D2/assemblies/assembly_09.fasta EC2D2/assemblies/assembly_10.fasta EC2D2/assemblies/assembly_11.fasta EC2D2/assemblies/assembly_12.fasta         --out_dir EC2D2/clusters         --min_contig_len 5000 --threads 4
        
[Wed Nov 30 15:23:41 2022]
Finished job 1.
1 of 2 steps (50%) done
Select jobs to execute...

[Wed Nov 30 15:23:41 2022]
Job 0: 
        Converting EC2D2/clusters/contigs.newick to EC2D2/clusters/contigs_tree.txt for easier viewing.
        
Reason: Missing output files: EC2D2/clusters/contigs_tree.txt; Input files updated by another job: EC2D2/clusters/contigs.newick

RuleException in rule cluster_to_txt  in line 145 of /home/valentin/Desktop/richardLab/scicore_local/PhD/Phage_project/Sequencing/trycycler/pipeline/Snakefirst:
AttributeError: 'OutputFiles' object has no attribute 'nwk_tree', when formatting the following:

        nw_display {output.nwk_tree} > {output.txt_tree}
        
