Building DAG of jobs...
Using shell: /usr/bin/bash
Provided cores: 12
Rules claiming more threads will be scaled down.
Provided resources: mem_mb=10
Job stats:
job          count    min threads    max threads
---------  -------  -------------  -------------
all              1              1              1
reconcile        1              4              4
total            2              1              4

Select jobs to execute...

[Thu Dec  1 10:51:47 2022]
Job 1: 
        Reconcile the sub assemblies.
        
Reason: Code has changed since last execution

[Thu Dec  1 10:52:34 2022]
Finished job 1.
1 of 2 steps (50%) done
Select jobs to execute...

[Thu Dec  1 10:52:34 2022]
localrule all:
    input: EC2D2/clusters/cluster_001/2_all_seqs.fasta
    jobid: 0
    reason: Input files updated by another job: EC2D2/clusters/cluster_001/2_all_seqs.fasta
    resources: tmpdir=/tmp

[Thu Dec  1 10:52:34 2022]
Finished job 0.
2 of 2 steps (100%) done
Complete log: .snakemake/log/2022-12-01T105147.607367.snakemake.log
