Building DAG of jobs...
Using shell: /usr/bin/bash
Provided cores: 12
Rules claiming more threads will be scaled down.
Job stats:
job                 count    min threads    max threads
----------------  -------  -------------  -------------
assemble_miniasm        1              1              1
total                   1              1              1

Select jobs to execute...

[Tue Nov 29 15:08:59 2022]
Job 0: 
        Assembling EC2D2/read_subsets/sample_11.fastq with miniasm.
        
Reason: Missing output files: EC2D2/assemblies/assembly_11.fasta

[Tue Nov 29 15:08:59 2022]
Error in rule assemble_miniasm:
    jobid: 0
    input: EC2D2/read_subsets/sample_11.fastq
    output: EC2D2/assemblies/assembly_11.fasta
    shell:
        
        mdir EC2D2/assembly_11
        minimap2 -x ava-ont -t 4 EC2D2/read_subsets/sample_11.fastq EC2D2/read_subsets/sample_11.fastq         > EC2D2/assembly_11/overlaps.paf
        miniasm -f EC2D2/read_subsets/sample_11.fastq EC2D2/assembly_11/overlaps.paf > EC2D2/assembly_11/unpolished.gfa
        minipolish --threads 4 EC2D2/read_subsets/sample_11.fastq EC2D2/assembly_11/unpolished.gfa >         EC2D2/assembly_11/assembly.gfa
        any2fasta EC2D2/assembly_11/assembly.gfa > EC2D2/assemblies/assembly_11.fasta
        rm -r EC2D2/assembly_11
        
        (one of the commands exited with non-zero exit code; note that snakemake uses bash strict mode!)

Shutting down, this might take some time.
Exiting because a job execution failed. Look above for error message
Complete log: .snakemake/log/2022-11-29T150859.454005.snakemake.log
