Building DAG of jobs...
Using shell: /usr/bin/bash
Provided cores: 6
Rules claiming more threads will be scaled down.
Job stats:
job          count    min threads    max threads
---------  -------  -------------  -------------
filtlong         1              1              1
subsample        1              1              1
total            2              1              1

Select jobs to execute...

[Tue Nov 29 13:38:30 2022]
Job 1: 
        Running filtlong on input/EC2D2.fastq.gz
        
Reason: Missing output files: EC2D2/filtered.fastq

[Tue Nov 29 13:38:34 2022]
Finished job 1.
1 of 2 steps (50%) done
Select jobs to execute...

[Tue Nov 29 13:38:34 2022]
Job 0: 
        Subsampling EC2D2/filtered.fastq in 12 parts.
        
Reason: Missing output files: EC2D2/read_subsets; Input files updated by another job: EC2D2/filtered.fastq
Downstream jobs will be updated after completion.

[Tue Nov 29 13:39:12 2022]
Finished job 0.
2 of 2 steps (100%) done
Complete log: .snakemake/log/2022-11-29T133830.681136.snakemake.log
