Building DAG of jobs...
Using shell: /usr/bin/bash
Provided cores: 4
Rules claiming more threads will be scaled down.
Job stats:
job              count    min threads    max threads
-------------  -------  -------------  -------------
assemble_flye        2              1              1
cluster              1              1              1
total                3              1              1

Select jobs to execute...

[Tue Nov 29 15:21:07 2022]
Job 5: 
        Assembling EC2D2/read_subsets/sample_03.fastq with flye.        
        
Reason: Missing output files: EC2D2/assemblies/assembly_03.fasta


[Tue Nov 29 15:21:07 2022]
Job 6: 
        Assembling EC2D2/read_subsets/sample_04.fastq with flye.        
        
Reason: Missing output files: EC2D2/assemblies/assembly_04.fasta

[Tue Nov 29 15:21:11 2022]
Error in rule assemble_flye:
    jobid: 6
    input: EC2D2/read_subsets/sample_04.fastq
    output: EC2D2/assemblies/assembly_04.fasta
    shell:
        
        flye --nano-raw EC2D2/read_subsets/sample_04.fastq --threads 4 --out-dir EC2D2/assembly_04
        cp EC2D2/assembly_04/assembly.fasta EC2D2/assemblies/assembly_04.fasta
        rm -r EC2D2/assembly_04 
        
        (one of the commands exited with non-zero exit code; note that snakemake uses bash strict mode!)

Terminating processes on user request, this might take some time.
[Tue Nov 29 15:21:42 2022]
Error in rule assemble_flye:
    jobid: 5
    input: EC2D2/read_subsets/sample_03.fastq
    output: EC2D2/assemblies/assembly_03.fasta
    shell:
        
        flye --nano-raw EC2D2/read_subsets/sample_03.fastq --threads 4 --out-dir EC2D2/assembly_03
        cp EC2D2/assembly_03/assembly.fasta EC2D2/assemblies/assembly_03.fasta
        rm -r EC2D2/assembly_03 
        
        (one of the commands exited with non-zero exit code; note that snakemake uses bash strict mode!)

Complete log: .snakemake/log/2022-11-29T152107.100528.snakemake.log
