Building DAG of jobs...
Using shell: /usr/bin/bash
Provided cores: 12
Rules claiming more threads will be scaled down.
Job stats:
job                 count    min threads    max threads
----------------  -------  -------------  -------------
assemble_flye           3              1              1
assemble_miniasm        4              1              1
assemble_raven          4              1              1
cluster                 1              1              1
total                  12              1              1

Select jobs to execute...

[Tue Nov 29 15:17:46 2022]
Job 13: 
        Assembling EC2D2/read_subsets/sample_11.fastq with miniasm.
        
Reason: Code has changed since last execution


[Tue Nov 29 15:17:46 2022]
Job 14: 
        Assembling EC2D2/read_subsets/sample_12.fastq with miniasm.
        
Reason: Missing output files: EC2D2/assemblies/assembly_12.fasta


[Tue Nov 29 15:17:46 2022]
Job 4: 
        Assembling EC2D2/read_subsets/sample_02.fastq with flye.        
        
Reason: Missing output files: EC2D2/assemblies/assembly_02.fasta


[Tue Nov 29 15:17:46 2022]
Job 6: 
        Assembling EC2D2/read_subsets/sample_04.fastq with flye.        
        
Reason: Missing output files: EC2D2/assemblies/assembly_04.fasta


[Tue Nov 29 15:17:46 2022]
Job 8: 
        Assembling EC2D2/read_subsets/sample_06.fastq with raven.
        
Reason: Code has changed since last execution


[Tue Nov 29 15:17:46 2022]
Job 10: 
        Assembling EC2D2/read_subsets/sample_08.fastq with raven.
        
Reason: Missing output files: EC2D2/assemblies/assembly_08.fasta


[Tue Nov 29 15:17:46 2022]
Job 12: 
        Assembling EC2D2/read_subsets/sample_10.fastq with miniasm.
        
Reason: Missing output files: EC2D2/assemblies/assembly_10.fasta


[Tue Nov 29 15:17:46 2022]
Job 5: 
        Assembling EC2D2/read_subsets/sample_03.fastq with flye.        
        
Reason: Missing output files: EC2D2/assemblies/assembly_03.fasta


[Tue Nov 29 15:17:46 2022]
Job 7: 
        Assembling EC2D2/read_subsets/sample_05.fastq with raven.
        
Reason: Missing output files: EC2D2/assemblies/assembly_05.fasta


[Tue Nov 29 15:17:46 2022]
Job 9: 
        Assembling EC2D2/read_subsets/sample_07.fastq with raven.
        
Reason: Code has changed since last execution


[Tue Nov 29 15:17:46 2022]
Job 11: 
        Assembling EC2D2/read_subsets/sample_09.fastq with miniasm.
        
Reason: Missing output files: EC2D2/assemblies/assembly_09.fasta

[Tue Nov 29 15:18:06 2022]
Error in rule assemble_flye:
    jobid: 5
    input: EC2D2/read_subsets/sample_03.fastq
    output: EC2D2/assemblies/assembly_03.fasta
    shell:
        
        flye --nano-raw EC2D2/read_subsets/sample_03.fastq --threads 4 --out-dir EC2D2/assembly_03
        cp EC2D2/assembly_03/assembly.fasta EC2D2/assemblies/assembly_03.fasta
        rm -r EC2D2/assembly_03 
        
        (one of the commands exited with non-zero exit code; note that snakemake uses bash strict mode!)

[Tue Nov 29 15:18:14 2022]
Error in rule assemble_flye:
    jobid: 6
    input: EC2D2/read_subsets/sample_04.fastq
    output: EC2D2/assemblies/assembly_04.fasta
    shell:
        
        flye --nano-raw EC2D2/read_subsets/sample_04.fastq --threads 4 --out-dir EC2D2/assembly_04
        cp EC2D2/assembly_04/assembly.fasta EC2D2/assemblies/assembly_04.fasta
        rm -r EC2D2/assembly_04 
        
        (one of the commands exited with non-zero exit code; note that snakemake uses bash strict mode!)

[Tue Nov 29 15:18:22 2022]
Finished job 7.
1 of 12 steps (8%) done
[Tue Nov 29 15:18:22 2022]
Finished job 8.
2 of 12 steps (17%) done
[Tue Nov 29 15:18:22 2022]
Finished job 10.
3 of 12 steps (25%) done
[Tue Nov 29 15:18:25 2022]
Finished job 9.
4 of 12 steps (33%) done
[Tue Nov 29 15:18:56 2022]
Finished job 14.
5 of 12 steps (42%) done
[Tue Nov 29 15:18:56 2022]
Finished job 12.
6 of 12 steps (50%) done
[Tue Nov 29 15:18:57 2022]
Finished job 13.
7 of 12 steps (58%) done
[Tue Nov 29 15:18:57 2022]
Finished job 11.
8 of 12 steps (67%) done
[Tue Nov 29 15:20:43 2022]
Finished job 4.
9 of 12 steps (75%) done
Shutting down, this might take some time.
Exiting because a job execution failed. Look above for error message
Complete log: .snakemake/log/2022-11-29T151745.782451.snakemake.log
