Building DAG of jobs...
Using shell: /usr/bin/bash
Provided cores: 12
Rules claiming more threads will be scaled down.
Provided resources: mem_mb=10
Job stats:
job          count    min threads    max threads
---------  -------  -------------  -------------
all              1              1              1
reconcile        1              4              4
total            2              1              4

Select jobs to execute...

[Thu Dec  1 11:44:34 2022]
Job 1: 
        Reconciling the sub assemblies. 
        Human intervention is needed after this step to judge whether to keep or remove some contigs.
        
Reason: Missing output files: EC2D2/clusters/cluster_001/2_all_seqs.fasta

Terminating processes on user request, this might take some time.
[Thu Dec  1 11:45:21 2022]
Error in rule reconcile:
    jobid: 1
    input: EC2D2/clusters/cluster_001, EC2D2/filtered.fastq
    output: EC2D2/clusters/cluster_001/2_all_seqs.fasta, EC2D2/clusters/Snakesecond.log
    shell:
        
        trycycler reconcile --reads EC2D2/filtered.fastq --cluster_dir EC2D2/clusters/cluster_001 --threads 4         | grep --color=never > EC2D2/clusters/Snakesecond.log 2>&1 || echo process failed >> EC2D2/clusters/Snakesecond.log
        
        (one of the commands exited with non-zero exit code; note that snakemake uses bash strict mode!)

Complete log: .snakemake/log/2022-12-01T114433.938255.snakemake.log
