Building DAG of jobs...
Using shell: /usr/bin/bash
Provided cores: 12
Rules claiming more threads will be scaled down.
Provided resources: mem_mb=10
Job stats:
job        count    min threads    max threads
-------  -------  -------------  -------------
cluster        1              4              4
follow         1              1              1
total          2              1              4

Select jobs to execute...

[Wed Nov 30 13:25:35 2022]
Job 1: 
        Clustering the multiple assemblies.
        
Reason: Code has changed since last execution; Params have changed since last execution

RuleException in rule cluster  in line 121 of /home/valentin/Desktop/richardLab/scicore_local/PhD/Phage_project/Sequencing/trycycler/pipeline/Snakefile:
AttributeError: 'InputFiles' object has no attribute 'tree', when formatting the following:

        trycycler cluster --reads {input.reads} --assemblies {input.assemblies} --out_dir {output.out_dir}         --min_contig_len {params.min_contig_len} --threads {threads}
        nw_display {input.tree} > {output.tree}
        
