Building DAG of jobs...
Using shell: /usr/bin/bash
Provided cores: 4
Rules claiming more threads will be scaled down.
Job stats:
job                 count    min threads    max threads
----------------  -------  -------------  -------------
assemble_flye           4              1              1
assemble_miniasm        4              1              1
assemble_raven          4              1              1
cluster                 1              1              1
subsample               1              1              1
total                  14              1              1

Select jobs to execute...

[Tue Nov 29 15:22:02 2022]
Job 2: 
        Subsampling EC2D2/filtered.fastq in 12 parts.
        
Reason: Code has changed since last execution

Terminating processes on user request, this might take some time.
[Tue Nov 29 15:22:17 2022]
Error in rule subsample:
    jobid: 2
    input: EC2D2/filtered.fastq
    output: EC2D2/read_subsets, EC2D2/read_subsets/sample_01.fastq, EC2D2/read_subsets/sample_02.fastq, EC2D2/read_subsets/sample_03.fastq, EC2D2/read_subsets/sample_04.fastq, EC2D2/read_subsets/sample_05.fastq, EC2D2/read_subsets/sample_06.fastq, EC2D2/read_subsets/sample_07.fastq, EC2D2/read_subsets/sample_08.fastq, EC2D2/read_subsets/sample_09.fastq, EC2D2/read_subsets/sample_10.fastq, EC2D2/read_subsets/sample_11.fastq, EC2D2/read_subsets/sample_12.fastq
    shell:
        
        trycycler subsample --reads EC2D2/filtered.fastq --out_dir EC2D2/read_subsets --threads 4
        
        (one of the commands exited with non-zero exit code; note that snakemake uses bash strict mode!)

Complete log: .snakemake/log/2022-11-29T152202.428521.snakemake.log
